<?xml version="1.0" encoding="UTF-8"?>
<!-- Generated by org.testng.reporters.JUnitXMLReporter -->
<testsuite ignored="0" hostname="Dell-5559" failures="0" tests="4" name="Release 2021.8.22 Test Task Part 1 - Java and Selenium" time="42.497" errors="0" timestamp="22 Aug 2021 09:17:17 GMT">
  <testcase classname="PartOne.PartOne_QuestionOne" name="testMethod" time="1.883"/>
  <testcase classname="PartOne.PartOne_QuestionTwo" name="testMethod" time="2.344"/>
  <testcase classname="PartOne.PartOne_QuestionThree" name="testMethod" time="7.219"/>
  <testcase classname="PartOne.PartOne_QuestionFour" name="testMethod" time="4.071"/>
</testsuite> <!-- Release 2021.8.22 Test Task Part 1 - Java and Selenium -->
